2024-01-28 15:40:05,049 [Worker-1: Loading available Gradle versions] INFO  o.e.b.c.i.u.g.PublishedGradleVersions - Gradle version information cache is up-to-date. Trying to read.
2024-01-28 15:42:43,912 [Worker-9: Launching mavenrun-f5a087c1-286f-45bb-9e5b-a3fb299b42a4] INFO  o.eclipse.m2e.core.internal.Bundles - getClasspathEntries(Bundle=org.eclipse.m2e.maven.runtime_3.8.701.20230209-1606 [346])
2024-01-28 15:42:43,923 [Worker-9: Launching mavenrun-f5a087c1-286f-45bb-9e5b-a3fb299b42a4] INFO  o.eclipse.m2e.core.internal.Bundles - 	Entry: C:\SUDHARSHAN\java tools\sts-4.18.1.RELEASE\plugins\org.eclipse.m2e.maven.runtime_3.8.701.20230209-1606
2024-01-28 15:42:43,924 [Worker-9: Launching mavenrun-f5a087c1-286f-45bb-9e5b-a3fb299b42a4] INFO  o.eclipse.m2e.core.internal.Bundles - 	Entry: C:\SUDHARSHAN\java tools\sts-4.18.1.RELEASE\plugins\org.eclipse.m2e.maven.runtime_3.8.701.20230209-1606\jars\aether-connector-okhttp-0.17.8.jar
2024-01-28 15:42:43,925 [Worker-9: Launching mavenrun-f5a087c1-286f-45bb-9e5b-a3fb299b42a4] INFO  o.eclipse.m2e.core.internal.Bundles - 	Entry: C:\SUDHARSHAN\java tools\sts-4.18.1.RELEASE\plugins\org.eclipse.m2e.maven.runtime_3.8.701.20230209-1606\jars\commons-lang3-3.8.1.jar
2024-01-28 15:42:43,925 [Worker-9: Launching mavenrun-f5a087c1-286f-45bb-9e5b-a3fb299b42a4] INFO  o.eclipse.m2e.core.internal.Bundles - 	Entry: C:\SUDHARSHAN\java tools\sts-4.18.1.RELEASE\plugins\org.eclipse.m2e.maven.runtime_3.8.701.20230209-1606\jars\guice-4.2.2-no_aop.jar
2024-01-28 15:42:43,925 [Worker-9: Launching mavenrun-f5a087c1-286f-45bb-9e5b-a3fb299b42a4] INFO  o.eclipse.m2e.core.internal.Bundles - 	Entry: C:\SUDHARSHAN\java tools\sts-4.18.1.RELEASE\plugins\org.eclipse.m2e.maven.runtime_3.8.701.20230209-1606\jars\jansi-2.4.0.jar
2024-01-28 15:42:43,925 [Worker-9: Launching mavenrun-f5a087c1-286f-45bb-9e5b-a3fb299b42a4] INFO  o.eclipse.m2e.core.internal.Bundles - 	Entry: C:\SUDHARSHAN\java tools\sts-4.18.1.RELEASE\plugins\org.eclipse.m2e.maven.runtime_3.8.701.20230209-1606\jars\maven-artifact-3.8.7.jar
2024-01-28 15:42:43,925 [Worker-9: Launching mavenrun-f5a087c1-286f-45bb-9e5b-a3fb299b42a4] INFO  o.eclipse.m2e.core.internal.Bundles - 	Entry: C:\SUDHARSHAN\java tools\sts-4.18.1.RELEASE\plugins\org.eclipse.m2e.maven.runtime_3.8.701.20230209-1606\jars\maven-builder-support-3.8.7.jar
2024-01-28 15:42:43,925 [Worker-9: Launching mavenrun-f5a087c1-286f-45bb-9e5b-a3fb299b42a4] INFO  o.eclipse.m2e.core.internal.Bundles - 	Entry: C:\SUDHARSHAN\java tools\sts-4.18.1.RELEASE\plugins\org.eclipse.m2e.maven.runtime_3.8.701.20230209-1606\jars\maven-compat-3.8.7.jar
2024-01-28 15:42:43,926 [Worker-9: Launching mavenrun-f5a087c1-286f-45bb-9e5b-a3fb299b42a4] INFO  o.eclipse.m2e.core.internal.Bundles - 	Entry: C:\SUDHARSHAN\java tools\sts-4.18.1.RELEASE\plugins\org.eclipse.m2e.maven.runtime_3.8.701.20230209-1606\jars\maven-core-3.8.7.jar
2024-01-28 15:42:43,926 [Worker-9: Launching mavenrun-f5a087c1-286f-45bb-9e5b-a3fb299b42a4] INFO  o.eclipse.m2e.core.internal.Bundles - 	Entry: C:\SUDHARSHAN\java tools\sts-4.18.1.RELEASE\plugins\org.eclipse.m2e.maven.runtime_3.8.701.20230209-1606\jars\maven-embedder-3.8.7.jar
2024-01-28 15:42:43,926 [Worker-9: Launching mavenrun-f5a087c1-286f-45bb-9e5b-a3fb299b42a4] INFO  o.eclipse.m2e.core.internal.Bundles - 	Entry: C:\SUDHARSHAN\java tools\sts-4.18.1.RELEASE\plugins\org.eclipse.m2e.maven.runtime_3.8.701.20230209-1606\jars\maven-model-3.8.7.jar
2024-01-28 15:42:43,926 [Worker-9: Launching mavenrun-f5a087c1-286f-45bb-9e5b-a3fb299b42a4] INFO  o.eclipse.m2e.core.internal.Bundles - 	Entry: C:\SUDHARSHAN\java tools\sts-4.18.1.RELEASE\plugins\org.eclipse.m2e.maven.runtime_3.8.701.20230209-1606\jars\maven-model-builder-3.8.7.jar
2024-01-28 15:42:43,926 [Worker-9: Launching mavenrun-f5a087c1-286f-45bb-9e5b-a3fb299b42a4] INFO  o.eclipse.m2e.core.internal.Bundles - 	Entry: C:\SUDHARSHAN\java tools\sts-4.18.1.RELEASE\plugins\org.eclipse.m2e.maven.runtime_3.8.701.20230209-1606\jars\maven-plugin-api-3.8.7.jar
2024-01-28 15:42:43,926 [Worker-9: Launching mavenrun-f5a087c1-286f-45bb-9e5b-a3fb299b42a4] INFO  o.eclipse.m2e.core.internal.Bundles - 	Entry: C:\SUDHARSHAN\java tools\sts-4.18.1.RELEASE\plugins\org.eclipse.m2e.maven.runtime_3.8.701.20230209-1606\jars\maven-repository-metadata-3.8.7.jar
2024-01-28 15:42:43,926 [Worker-9: Launching mavenrun-f5a087c1-286f-45bb-9e5b-a3fb299b42a4] INFO  o.eclipse.m2e.core.internal.Bundles - 	Entry: C:\SUDHARSHAN\java tools\sts-4.18.1.RELEASE\plugins\org.eclipse.m2e.maven.runtime_3.8.701.20230209-1606\jars\maven-resolver-api-1.6.3.jar
2024-01-28 15:42:43,927 [Worker-9: Launching mavenrun-f5a087c1-286f-45bb-9e5b-a3fb299b42a4] INFO  o.eclipse.m2e.core.internal.Bundles - 	Entry: C:\SUDHARSHAN\java tools\sts-4.18.1.RELEASE\plugins\org.eclipse.m2e.maven.runtime_3.8.701.20230209-1606\jars\maven-resolver-connector-basic-1.6.3.jar
2024-01-28 15:42:43,927 [Worker-9: Launching mavenrun-f5a087c1-286f-45bb-9e5b-a3fb299b42a4] INFO  o.eclipse.m2e.core.internal.Bundles - 	Entry: C:\SUDHARSHAN\java tools\sts-4.18.1.RELEASE\plugins\org.eclipse.m2e.maven.runtime_3.8.701.20230209-1606\jars\maven-resolver-impl-1.6.3.jar
2024-01-28 15:42:43,927 [Worker-9: Launching mavenrun-f5a087c1-286f-45bb-9e5b-a3fb299b42a4] INFO  o.eclipse.m2e.core.internal.Bundles - 	Entry: C:\SUDHARSHAN\java tools\sts-4.18.1.RELEASE\plugins\org.eclipse.m2e.maven.runtime_3.8.701.20230209-1606\jars\maven-resolver-provider-3.8.7.jar
2024-01-28 15:42:43,927 [Worker-9: Launching mavenrun-f5a087c1-286f-45bb-9e5b-a3fb299b42a4] INFO  o.eclipse.m2e.core.internal.Bundles - 	Entry: C:\SUDHARSHAN\java tools\sts-4.18.1.RELEASE\plugins\org.eclipse.m2e.maven.runtime_3.8.701.20230209-1606\jars\maven-resolver-spi-1.6.3.jar
2024-01-28 15:42:43,927 [Worker-9: Launching mavenrun-f5a087c1-286f-45bb-9e5b-a3fb299b42a4] INFO  o.eclipse.m2e.core.internal.Bundles - 	Entry: C:\SUDHARSHAN\java tools\sts-4.18.1.RELEASE\plugins\org.eclipse.m2e.maven.runtime_3.8.701.20230209-1606\jars\maven-resolver-transport-wagon-1.6.3.jar
2024-01-28 15:42:43,927 [Worker-9: Launching mavenrun-f5a087c1-286f-45bb-9e5b-a3fb299b42a4] INFO  o.eclipse.m2e.core.internal.Bundles - 	Entry: C:\SUDHARSHAN\java tools\sts-4.18.1.RELEASE\plugins\org.eclipse.m2e.maven.runtime_3.8.701.20230209-1606\jars\maven-resolver-util-1.6.3.jar
2024-01-28 15:42:43,927 [Worker-9: Launching mavenrun-f5a087c1-286f-45bb-9e5b-a3fb299b42a4] INFO  o.eclipse.m2e.core.internal.Bundles - 	Entry: C:\SUDHARSHAN\java tools\sts-4.18.1.RELEASE\plugins\org.eclipse.m2e.maven.runtime_3.8.701.20230209-1606\jars\maven-settings-3.8.7.jar
2024-01-28 15:42:43,927 [Worker-9: Launching mavenrun-f5a087c1-286f-45bb-9e5b-a3fb299b42a4] INFO  o.eclipse.m2e.core.internal.Bundles - 	Entry: C:\SUDHARSHAN\java tools\sts-4.18.1.RELEASE\plugins\org.eclipse.m2e.maven.runtime_3.8.701.20230209-1606\jars\maven-settings-builder-3.8.7.jar
2024-01-28 15:42:43,928 [Worker-9: Launching mavenrun-f5a087c1-286f-45bb-9e5b-a3fb299b42a4] INFO  o.eclipse.m2e.core.internal.Bundles - 	Entry: C:\SUDHARSHAN\java tools\sts-4.18.1.RELEASE\plugins\org.eclipse.m2e.maven.runtime_3.8.701.20230209-1606\jars\maven-shared-utils-3.3.4.jar
2024-01-28 15:42:43,928 [Worker-9: Launching mavenrun-f5a087c1-286f-45bb-9e5b-a3fb299b42a4] INFO  o.eclipse.m2e.core.internal.Bundles - 	Entry: C:\SUDHARSHAN\java tools\sts-4.18.1.RELEASE\plugins\org.eclipse.m2e.maven.runtime_3.8.701.20230209-1606\jars\okhttp-3.14.1.jar
2024-01-28 15:42:43,928 [Worker-9: Launching mavenrun-f5a087c1-286f-45bb-9e5b-a3fb299b42a4] INFO  o.eclipse.m2e.core.internal.Bundles - 	Entry: C:\SUDHARSHAN\java tools\sts-4.18.1.RELEASE\plugins\org.eclipse.m2e.maven.runtime_3.8.701.20230209-1606\jars\okio-1.17.3.jar
2024-01-28 15:42:43,928 [Worker-9: Launching mavenrun-f5a087c1-286f-45bb-9e5b-a3fb299b42a4] INFO  o.eclipse.m2e.core.internal.Bundles - 	Entry: C:\SUDHARSHAN\java tools\sts-4.18.1.RELEASE\plugins\org.eclipse.m2e.maven.runtime_3.8.701.20230209-1606\jars\org.eclipse.sisu.inject-0.3.5.jar
2024-01-28 15:42:43,928 [Worker-9: Launching mavenrun-f5a087c1-286f-45bb-9e5b-a3fb299b42a4] INFO  o.eclipse.m2e.core.internal.Bundles - 	Entry: C:\SUDHARSHAN\java tools\sts-4.18.1.RELEASE\plugins\org.eclipse.m2e.maven.runtime_3.8.701.20230209-1606\jars\org.eclipse.sisu.plexus-0.3.5.jar
2024-01-28 15:42:43,928 [Worker-9: Launching mavenrun-f5a087c1-286f-45bb-9e5b-a3fb299b42a4] INFO  o.eclipse.m2e.core.internal.Bundles - 	Entry: C:\SUDHARSHAN\java tools\sts-4.18.1.RELEASE\plugins\org.eclipse.m2e.maven.runtime_3.8.701.20230209-1606\jars\plexus-build-api-0.0.7.jar
2024-01-28 15:42:43,928 [Worker-9: Launching mavenrun-f5a087c1-286f-45bb-9e5b-a3fb299b42a4] INFO  o.eclipse.m2e.core.internal.Bundles - 	Entry: C:\SUDHARSHAN\java tools\sts-4.18.1.RELEASE\plugins\org.eclipse.m2e.maven.runtime_3.8.701.20230209-1606\jars\plexus-cipher-2.0.jar
2024-01-28 15:42:43,928 [Worker-9: Launching mavenrun-f5a087c1-286f-45bb-9e5b-a3fb299b42a4] INFO  o.eclipse.m2e.core.internal.Bundles - 	Entry: C:\SUDHARSHAN\java tools\sts-4.18.1.RELEASE\plugins\org.eclipse.m2e.maven.runtime_3.8.701.20230209-1606\jars\plexus-classworlds-2.6.0.jar
2024-01-28 15:42:43,929 [Worker-9: Launching mavenrun-f5a087c1-286f-45bb-9e5b-a3fb299b42a4] INFO  o.eclipse.m2e.core.internal.Bundles - 	Entry: C:\SUDHARSHAN\java tools\sts-4.18.1.RELEASE\plugins\org.eclipse.m2e.maven.runtime_3.8.701.20230209-1606\jars\plexus-component-annotations-2.1.0.jar
2024-01-28 15:42:43,929 [Worker-9: Launching mavenrun-f5a087c1-286f-45bb-9e5b-a3fb299b42a4] INFO  o.eclipse.m2e.core.internal.Bundles - 	Entry: C:\SUDHARSHAN\java tools\sts-4.18.1.RELEASE\plugins\org.eclipse.m2e.maven.runtime_3.8.701.20230209-1606\jars\plexus-interpolation-1.26.jar
2024-01-28 15:42:43,929 [Worker-9: Launching mavenrun-f5a087c1-286f-45bb-9e5b-a3fb299b42a4] INFO  o.eclipse.m2e.core.internal.Bundles - 	Entry: C:\SUDHARSHAN\java tools\sts-4.18.1.RELEASE\plugins\org.eclipse.m2e.maven.runtime_3.8.701.20230209-1606\jars\plexus-sec-dispatcher-2.0.jar
2024-01-28 15:42:43,929 [Worker-9: Launching mavenrun-f5a087c1-286f-45bb-9e5b-a3fb299b42a4] INFO  o.eclipse.m2e.core.internal.Bundles - 	Entry: C:\SUDHARSHAN\java tools\sts-4.18.1.RELEASE\plugins\org.eclipse.m2e.maven.runtime_3.8.701.20230209-1606\jars\plexus-utils-3.3.1.jar
2024-01-28 15:42:43,929 [Worker-9: Launching mavenrun-f5a087c1-286f-45bb-9e5b-a3fb299b42a4] INFO  o.eclipse.m2e.core.internal.Bundles - 	Entry: C:\SUDHARSHAN\java tools\sts-4.18.1.RELEASE\plugins\org.eclipse.m2e.maven.runtime_3.8.701.20230209-1606\jars\wagon-file-3.5.3.jar
2024-01-28 15:42:43,929 [Worker-9: Launching mavenrun-f5a087c1-286f-45bb-9e5b-a3fb299b42a4] INFO  o.eclipse.m2e.core.internal.Bundles - 	Entry: C:\SUDHARSHAN\java tools\sts-4.18.1.RELEASE\plugins\org.eclipse.m2e.maven.runtime_3.8.701.20230209-1606\jars\wagon-provider-api-3.5.3.jar
2024-01-28 15:42:43,931 [Worker-9: Launching mavenrun-f5a087c1-286f-45bb-9e5b-a3fb299b42a4] INFO  o.eclipse.m2e.core.internal.Bundles - getClasspathEntries(Bundle=com.google.guava_31.1.0.jre [23])
2024-01-28 15:42:43,938 [Worker-9: Launching mavenrun-f5a087c1-286f-45bb-9e5b-a3fb299b42a4] INFO  o.eclipse.m2e.core.internal.Bundles - 	Entry: C:\SUDHARSHAN\java tools\sts-4.18.1.RELEASE\plugins\com.google.guava_31.1.0.jre.jar
2024-01-28 15:42:43,938 [Worker-9: Launching mavenrun-f5a087c1-286f-45bb-9e5b-a3fb299b42a4] INFO  o.eclipse.m2e.core.internal.Bundles - getClasspathEntries(Bundle=slf4j.api_1.7.36 [580])
2024-01-28 15:42:43,944 [Worker-9: Launching mavenrun-f5a087c1-286f-45bb-9e5b-a3fb299b42a4] INFO  o.eclipse.m2e.core.internal.Bundles - 	Entry: C:\SUDHARSHAN\java tools\sts-4.18.1.RELEASE\plugins\slf4j.api_1.7.36.jar
2024-01-28 15:42:43,944 [Worker-9: Launching mavenrun-f5a087c1-286f-45bb-9e5b-a3fb299b42a4] INFO  o.eclipse.m2e.core.internal.Bundles - getClasspathEntries(Bundle=javax.inject_1.0.0.v20220405-0441 [50])
2024-01-28 15:42:43,950 [Worker-9: Launching mavenrun-f5a087c1-286f-45bb-9e5b-a3fb299b42a4] INFO  o.eclipse.m2e.core.internal.Bundles - 	Entry: C:\SUDHARSHAN\java tools\sts-4.18.1.RELEASE\plugins\javax.inject_1.0.0.v20220405-0441.jar
2024-01-28 15:42:43,950 [Worker-9: Launching mavenrun-f5a087c1-286f-45bb-9e5b-a3fb299b42a4] INFO  o.eclipse.m2e.core.internal.Bundles - getClasspathEntries(Bundle=javax.annotation_1.3.5.v20221203-1659 [48])
2024-01-28 15:42:43,955 [Worker-9: Launching mavenrun-f5a087c1-286f-45bb-9e5b-a3fb299b42a4] INFO  o.eclipse.m2e.core.internal.Bundles - 	Entry: C:\SUDHARSHAN\java tools\sts-4.18.1.RELEASE\plugins\javax.annotation_1.3.5.v20221203-1659.jar
2024-01-28 15:42:43,955 [Worker-9: Launching mavenrun-f5a087c1-286f-45bb-9e5b-a3fb299b42a4] INFO  o.eclipse.m2e.core.internal.Bundles - getClasspathEntries(Bundle=org.apache.commons.cli_1.4.0.v20221112-0806 [73])
2024-01-28 15:42:43,961 [Worker-9: Launching mavenrun-f5a087c1-286f-45bb-9e5b-a3fb299b42a4] INFO  o.eclipse.m2e.core.internal.Bundles - 	Entry: C:\SUDHARSHAN\java tools\sts-4.18.1.RELEASE\plugins\org.apache.commons.cli_1.4.0.v20221112-0806.jar
2024-01-28 15:42:43,961 [Worker-9: Launching mavenrun-f5a087c1-286f-45bb-9e5b-a3fb299b42a4] INFO  o.eclipse.m2e.core.internal.Bundles - getClasspathEntries(Bundle=com.google.guava.failureaccess_1.0.1 [25])
2024-01-28 15:42:43,967 [Worker-9: Launching mavenrun-f5a087c1-286f-45bb-9e5b-a3fb299b42a4] INFO  o.eclipse.m2e.core.internal.Bundles - 	Entry: C:\SUDHARSHAN\java tools\sts-4.18.1.RELEASE\plugins\com.google.guava.failureaccess_1.0.1.jar
2024-01-28 15:42:43,981 [Worker-9: Launching mavenrun-f5a087c1-286f-45bb-9e5b-a3fb299b42a4] INFO  o.e.m.i.launch.MavenLaunchDelegate - Run build in "C:\Users\ssudh\AppData\Local\Temp\m2e-archetypeGenerator97774420012834631":
2024-01-28 15:42:43,989 [Worker-9: Launching mavenrun-f5a087c1-286f-45bb-9e5b-a3fb299b42a4] INFO  o.e.m.i.launch.MavenLaunchDelegate -  mvn  -DarchetypeGroupId=org.apache.maven.archetypes -DarchetypeArtifactId=maven-archetype-quickstart -DarchetypeVersion=1.1 -DgroupId=com.scrap -DartifactId=scrap -Dversion=0.0.1-SNAPSHOT -Dpackage=com.scrap.scrap -DoutputDirectory=C:\Users\ssudh\Downloads\Desktop\Scrap -Dstyle.color=always -U archetype:generate
2024-01-28 15:42:57,965 [Worker-4: Creating maven-archetype-quickstart] INFO  o.e.m.c.i.p.ProjectConfigurationManager - Collecting project info '/pom.xml' C:\Users\ssudh\Downloads\Desktop\Scrap\scrap\pom.xml
2024-01-28 15:42:59,050 [Worker-4: Creating maven-archetype-quickstart] INFO  o.e.m.c.i.l.LifecycleMappingFactory - Using org.eclipse.m2e.jdt.JarLifecycleMapping lifecycle mapping for MavenProject: com.scrap:scrap:0.0.1-SNAPSHOT @ C:\Users\ssudh\Downloads\Desktop\Scrap\scrap\pom.xml.
2024-01-28 15:42:59,622 [Worker-4: Creating maven-archetype-quickstart] INFO  o.e.m.j.i.AbstractJavaProjectConfigurator - Adding source folder /scrap/src/main/java
2024-01-28 15:42:59,626 [Worker-4: Creating maven-archetype-quickstart] INFO  o.e.m.j.i.AbstractJavaProjectConfigurator - Adding source folder /scrap/src/test/java
2024-01-28 15:42:59,798 [Worker-4: Creating maven-archetype-quickstart] INFO  o.e.m.c.i.p.ProjectConfigurationManager - Imported and configured 1 project(s) in 1 sec
2024-01-28 15:43:04,463 [Worker-7: Building] INFO  o.e.m.c.i.embedder.EclipseLogger - Using 'UTF-8' encoding to copy filtered resources.
2024-01-28 15:43:04,464 [Worker-7: Building] INFO  o.e.m.c.i.embedder.EclipseLogger - skip non existing resourceDirectory C:\Users\ssudh\Downloads\Desktop\Scrap\scrap\src\main\resources
2024-01-28 15:43:04,469 [Worker-7: Building] INFO  o.e.m.c.i.embedder.EclipseLogger - Using 'UTF-8' encoding to copy filtered resources.
2024-01-28 15:43:04,469 [Worker-7: Building] INFO  o.e.m.c.i.embedder.EclipseLogger - skip non existing resourceDirectory C:\Users\ssudh\Downloads\Desktop\Scrap\scrap\src\test\resources
2024-01-28 15:45:34,947 [Worker-8: Building] INFO  o.e.m.c.i.l.LifecycleMappingFactory - Using org.eclipse.m2e.jdt.JarLifecycleMapping lifecycle mapping for MavenProject: com.scrap:scrap:0.0.1-SNAPSHOT @ C:\Users\ssudh\Downloads\Desktop\Scrap\scrap\pom.xml.
2024-01-28 15:45:35,123 [Worker-8: Building] INFO  o.e.m.c.i.embedder.EclipseLogger - Using 'UTF-8' encoding to copy filtered resources.
2024-01-28 15:45:35,123 [Worker-8: Building] INFO  o.e.m.c.i.embedder.EclipseLogger - skip non existing resourceDirectory C:\Users\ssudh\Downloads\Desktop\Scrap\scrap\src\main\resources
2024-01-28 15:45:35,126 [Worker-8: Building] INFO  o.e.m.c.i.embedder.EclipseLogger - Using 'UTF-8' encoding to copy filtered resources.
2024-01-28 15:45:35,126 [Worker-8: Building] INFO  o.e.m.c.i.embedder.EclipseLogger - skip non existing resourceDirectory C:\Users\ssudh\Downloads\Desktop\Scrap\scrap\src\test\resources
2024-01-28 15:45:36,214 [Worker-14: Download sources and javadoc] INFO  o.e.m.c.i.e.AbstractTransferListenerAdapter - Downloading https://repo.maven.apache.org/maven2/org/jsoup/jsoup/1.14.3/jsoup-1.14.3-sources.jar
2024-01-28 15:45:36,315 [Worker-14: Download sources and javadoc] INFO  o.e.m.c.i.e.AbstractTransferListenerAdapter - Downloaded https://repo.maven.apache.org/maven2/org/jsoup/jsoup/1.14.3/jsoup-1.14.3-sources.jar
2024-01-28 15:45:36,320 [Worker-14: Download sources and javadoc] INFO  o.e.m.j.internal.DownloadSourcesJob - Downloaded sources for org.jsoup:jsoup:1.14.3
2024-01-28 15:46:32,492 [Worker-16: Building] INFO  o.e.m.c.i.embedder.EclipseLogger - Using 'UTF-8' encoding to copy filtered resources.
2024-01-28 15:46:32,492 [Worker-16: Building] INFO  o.e.m.c.i.embedder.EclipseLogger - skip non existing resourceDirectory C:\Users\ssudh\Downloads\Desktop\Scrap\scrap\src\main\resources
2024-01-28 15:46:32,496 [Worker-16: Building] INFO  o.e.m.c.i.embedder.EclipseLogger - Using 'UTF-8' encoding to copy filtered resources.
2024-01-28 15:46:32,496 [Worker-16: Building] INFO  o.e.m.c.i.embedder.EclipseLogger - skip non existing resourceDirectory C:\Users\ssudh\Downloads\Desktop\Scrap\scrap\src\test\resources
2024-01-28 15:47:25,382 [Worker-14: Building] INFO  o.e.m.c.i.embedder.EclipseLogger - Using 'UTF-8' encoding to copy filtered resources.
2024-01-28 15:47:25,382 [Worker-14: Building] INFO  o.e.m.c.i.embedder.EclipseLogger - skip non existing resourceDirectory C:\Users\ssudh\Downloads\Desktop\Scrap\scrap\src\main\resources
2024-01-28 15:47:25,384 [Worker-14: Building] INFO  o.e.m.c.i.embedder.EclipseLogger - Using 'UTF-8' encoding to copy filtered resources.
2024-01-28 15:47:25,384 [Worker-14: Building] INFO  o.e.m.c.i.embedder.EclipseLogger - skip non existing resourceDirectory C:\Users\ssudh\Downloads\Desktop\Scrap\scrap\src\test\resources
2024-01-28 15:47:44,806 [Worker-16: Building] INFO  o.e.m.c.i.embedder.EclipseLogger - Using 'UTF-8' encoding to copy filtered resources.
2024-01-28 15:47:44,806 [Worker-16: Building] INFO  o.e.m.c.i.embedder.EclipseLogger - skip non existing resourceDirectory C:\Users\ssudh\Downloads\Desktop\Scrap\scrap\src\main\resources
2024-01-28 15:47:44,809 [Worker-16: Building] INFO  o.e.m.c.i.embedder.EclipseLogger - Using 'UTF-8' encoding to copy filtered resources.
2024-01-28 15:47:44,809 [Worker-16: Building] INFO  o.e.m.c.i.embedder.EclipseLogger - skip non existing resourceDirectory C:\Users\ssudh\Downloads\Desktop\Scrap\scrap\src\test\resources
2024-01-28 15:48:18,728 [Worker-0: Launching App] INFO  o.e.m.c.i.embedder.EclipseLogger - Using 'UTF-8' encoding to copy filtered resources.
2024-01-28 15:48:18,728 [Worker-0: Launching App] INFO  o.e.m.c.i.embedder.EclipseLogger - skip non existing resourceDirectory C:\Users\ssudh\Downloads\Desktop\Scrap\scrap\src\main\resources
2024-01-28 15:48:18,730 [Worker-0: Launching App] INFO  o.e.m.c.i.embedder.EclipseLogger - Using 'UTF-8' encoding to copy filtered resources.
2024-01-28 15:48:18,730 [Worker-0: Launching App] INFO  o.e.m.c.i.embedder.EclipseLogger - skip non existing resourceDirectory C:\Users\ssudh\Downloads\Desktop\Scrap\scrap\src\test\resources
2024-01-28 15:48:33,044 [Worker-15: Building] INFO  o.e.m.c.i.embedder.EclipseLogger - Using 'UTF-8' encoding to copy filtered resources.
2024-01-28 15:48:33,044 [Worker-15: Building] INFO  o.e.m.c.i.embedder.EclipseLogger - skip non existing resourceDirectory C:\Users\ssudh\Downloads\Desktop\Scrap\scrap\src\main\resources
2024-01-28 15:48:33,046 [Worker-15: Building] INFO  o.e.m.c.i.embedder.EclipseLogger - Using 'UTF-8' encoding to copy filtered resources.
2024-01-28 15:48:33,047 [Worker-15: Building] INFO  o.e.m.c.i.embedder.EclipseLogger - skip non existing resourceDirectory C:\Users\ssudh\Downloads\Desktop\Scrap\scrap\src\test\resources
2024-01-28 15:49:01,436 [Worker-16: Building] INFO  o.e.m.c.i.embedder.EclipseLogger - Using 'UTF-8' encoding to copy filtered resources.
2024-01-28 15:49:01,437 [Worker-16: Building] INFO  o.e.m.c.i.embedder.EclipseLogger - skip non existing resourceDirectory C:\Users\ssudh\Downloads\Desktop\Scrap\scrap\src\main\resources
2024-01-28 15:49:01,439 [Worker-16: Building] INFO  o.e.m.c.i.embedder.EclipseLogger - Using 'UTF-8' encoding to copy filtered resources.
2024-01-28 15:49:01,440 [Worker-16: Building] INFO  o.e.m.c.i.embedder.EclipseLogger - skip non existing resourceDirectory C:\Users\ssudh\Downloads\Desktop\Scrap\scrap\src\test\resources
2024-01-28 15:49:15,071 [Worker-15: Building] INFO  o.e.m.c.i.embedder.EclipseLogger - Using 'UTF-8' encoding to copy filtered resources.
2024-01-28 15:49:15,071 [Worker-15: Building] INFO  o.e.m.c.i.embedder.EclipseLogger - skip non existing resourceDirectory C:\Users\ssudh\Downloads\Desktop\Scrap\scrap\src\main\resources
2024-01-28 15:49:15,093 [Worker-15: Building] INFO  o.e.m.c.i.embedder.EclipseLogger - Using 'UTF-8' encoding to copy filtered resources.
2024-01-28 15:49:15,093 [Worker-15: Building] INFO  o.e.m.c.i.embedder.EclipseLogger - skip non existing resourceDirectory C:\Users\ssudh\Downloads\Desktop\Scrap\scrap\src\test\resources
2024-01-28 15:51:28,543 [Worker-16: Launching App] INFO  o.e.m.c.i.embedder.EclipseLogger - Using 'UTF-8' encoding to copy filtered resources.
2024-01-28 15:51:28,543 [Worker-16: Launching App] INFO  o.e.m.c.i.embedder.EclipseLogger - skip non existing resourceDirectory C:\Users\ssudh\Downloads\Desktop\Scrap\scrap\src\main\resources
2024-01-28 15:51:28,545 [Worker-16: Launching App] INFO  o.e.m.c.i.embedder.EclipseLogger - Using 'UTF-8' encoding to copy filtered resources.
2024-01-28 15:51:28,545 [Worker-16: Launching App] INFO  o.e.m.c.i.embedder.EclipseLogger - skip non existing resourceDirectory C:\Users\ssudh\Downloads\Desktop\Scrap\scrap\src\test\resources
2024-01-28 15:51:46,055 [Worker-16: Launching App] INFO  o.e.m.c.i.embedder.EclipseLogger - Using 'UTF-8' encoding to copy filtered resources.
2024-01-28 15:51:46,055 [Worker-16: Launching App] INFO  o.e.m.c.i.embedder.EclipseLogger - skip non existing resourceDirectory C:\Users\ssudh\Downloads\Desktop\Scrap\scrap\src\main\resources
2024-01-28 15:51:46,057 [Worker-16: Launching App] INFO  o.e.m.c.i.embedder.EclipseLogger - Using 'UTF-8' encoding to copy filtered resources.
2024-01-28 15:51:46,057 [Worker-16: Launching App] INFO  o.e.m.c.i.embedder.EclipseLogger - skip non existing resourceDirectory C:\Users\ssudh\Downloads\Desktop\Scrap\scrap\src\test\resources
2024-01-28 15:54:17,120 [Worker-21: Launching App] INFO  o.e.m.c.i.embedder.EclipseLogger - Using 'UTF-8' encoding to copy filtered resources.
2024-01-28 15:54:17,121 [Worker-21: Launching App] INFO  o.e.m.c.i.embedder.EclipseLogger - skip non existing resourceDirectory C:\Users\ssudh\Downloads\Desktop\Scrap\scrap\src\main\resources
2024-01-28 15:54:17,124 [Worker-21: Launching App] INFO  o.e.m.c.i.embedder.EclipseLogger - Using 'UTF-8' encoding to copy filtered resources.
2024-01-28 15:54:17,124 [Worker-21: Launching App] INFO  o.e.m.c.i.embedder.EclipseLogger - skip non existing resourceDirectory C:\Users\ssudh\Downloads\Desktop\Scrap\scrap\src\test\resources
2024-01-28 16:08:04,561 [Worker-21: Launching mavenrun-213c1a49-915e-4be1-8c72-abbd15165b69] INFO  o.e.m.i.launch.MavenLaunchDelegate - Run build in "C:\Users\ssudh\AppData\Local\Temp\m2e-archetypeGenerator17314008585131781489":
2024-01-28 16:08:04,571 [Worker-21: Launching mavenrun-213c1a49-915e-4be1-8c72-abbd15165b69] INFO  o.e.m.i.launch.MavenLaunchDelegate -  mvn  -DarchetypeGroupId=org.apache.maven.archetypes -DarchetypeArtifactId=maven-archetype-quickstart -DarchetypeVersion=1.1 -DgroupId=com.scrap -DartifactId=Scrap1 -Dversion=0.0.1-SNAPSHOT -Dpackage=com.scrap.Scrap1 -DoutputDirectory=C:\Users\ssudh\Downloads\Desktop\Scrap -Dstyle.color=always -U archetype:generate
2024-01-28 16:08:22,928 [Worker-19: Creating maven-archetype-quickstart] INFO  o.e.m.c.i.p.ProjectConfigurationManager - Collecting project info '/pom.xml' C:\Users\ssudh\Downloads\Desktop\Scrap\Scrap1\pom.xml
2024-01-28 16:08:23,352 [Worker-19: Creating maven-archetype-quickstart] INFO  o.e.m.c.i.l.LifecycleMappingFactory - Using org.eclipse.m2e.jdt.JarLifecycleMapping lifecycle mapping for MavenProject: com.scrap:Scrap1:0.0.1-SNAPSHOT @ C:\Users\ssudh\Downloads\Desktop\Scrap\Scrap1\pom.xml.
2024-01-28 16:08:24,281 [Worker-19: Creating maven-archetype-quickstart] INFO  o.e.m.j.i.AbstractJavaProjectConfigurator - Adding source folder /Scrap1/src/main/java
2024-01-28 16:08:24,284 [Worker-19: Creating maven-archetype-quickstart] INFO  o.e.m.j.i.AbstractJavaProjectConfigurator - Adding source folder /Scrap1/src/test/java
2024-01-28 16:08:24,357 [Worker-19: Creating maven-archetype-quickstart] INFO  o.e.m.c.i.p.ProjectConfigurationManager - Imported and configured 1 project(s) in 1 sec
2024-01-28 16:08:24,799 [Worker-29: Building] INFO  o.e.m.c.i.embedder.EclipseLogger - Using 'UTF-8' encoding to copy filtered resources.
2024-01-28 16:08:24,800 [Worker-29: Building] INFO  o.e.m.c.i.embedder.EclipseLogger - skip non existing resourceDirectory C:\Users\ssudh\Downloads\Desktop\Scrap\Scrap1\src\main\resources
2024-01-28 16:08:24,801 [Worker-29: Building] INFO  o.e.m.c.i.embedder.EclipseLogger - Using 'UTF-8' encoding to copy filtered resources.
2024-01-28 16:08:24,801 [Worker-29: Building] INFO  o.e.m.c.i.embedder.EclipseLogger - skip non existing resourceDirectory C:\Users\ssudh\Downloads\Desktop\Scrap\Scrap1\src\test\resources
2024-01-28 18:37:23,048 [Worker-36: Building] INFO  o.e.m.c.i.embedder.EclipseLogger - Using 'UTF-8' encoding to copy filtered resources.
2024-01-28 18:37:23,051 [Worker-36: Building] INFO  o.e.m.c.i.embedder.EclipseLogger - skip non existing resourceDirectory C:\Users\ssudh\Downloads\Desktop\Scrap\Scrap1\src\main\resources
2024-01-28 18:37:23,055 [Worker-36: Building] INFO  o.e.m.c.i.embedder.EclipseLogger - Using 'UTF-8' encoding to copy filtered resources.
2024-01-28 18:37:23,055 [Worker-36: Building] INFO  o.e.m.c.i.embedder.EclipseLogger - skip non existing resourceDirectory C:\Users\ssudh\Downloads\Desktop\Scrap\Scrap1\src\test\resources
2024-01-28 18:38:10,094 [Worker-29: Building] INFO  o.e.m.c.i.l.LifecycleMappingFactory - Using org.eclipse.m2e.jdt.JarLifecycleMapping lifecycle mapping for MavenProject: com.scrap:Scrap1:0.0.1-SNAPSHOT @ C:\Users\ssudh\Downloads\Desktop\Scrap\Scrap1\pom.xml.
2024-01-28 18:38:10,196 [Worker-29: Building] INFO  o.e.m.c.i.embedder.EclipseLogger - Using 'UTF-8' encoding to copy filtered resources.
2024-01-28 18:38:10,196 [Worker-29: Building] INFO  o.e.m.c.i.embedder.EclipseLogger - skip non existing resourceDirectory C:\Users\ssudh\Downloads\Desktop\Scrap\Scrap1\src\main\resources
2024-01-28 18:38:10,202 [Worker-29: Building] INFO  o.e.m.c.i.embedder.EclipseLogger - Using 'UTF-8' encoding to copy filtered resources.
2024-01-28 18:38:10,202 [Worker-29: Building] INFO  o.e.m.c.i.embedder.EclipseLogger - skip non existing resourceDirectory C:\Users\ssudh\Downloads\Desktop\Scrap\Scrap1\src\test\resources
2024-01-28 18:38:50,417 [Worker-33: Building] INFO  o.e.m.c.i.embedder.EclipseLogger - Using 'UTF-8' encoding to copy filtered resources.
2024-01-28 18:38:50,418 [Worker-33: Building] INFO  o.e.m.c.i.embedder.EclipseLogger - skip non existing resourceDirectory C:\Users\ssudh\Downloads\Desktop\Scrap\Scrap1\src\main\resources
2024-01-28 18:38:50,420 [Worker-33: Building] INFO  o.e.m.c.i.embedder.EclipseLogger - Using 'UTF-8' encoding to copy filtered resources.
2024-01-28 18:38:50,420 [Worker-33: Building] INFO  o.e.m.c.i.embedder.EclipseLogger - skip non existing resourceDirectory C:\Users\ssudh\Downloads\Desktop\Scrap\Scrap1\src\test\resources
2024-01-28 18:39:33,891 [Worker-35: Building] INFO  o.e.m.c.i.embedder.EclipseLogger - Using 'UTF-8' encoding to copy filtered resources.
2024-01-28 18:39:33,891 [Worker-35: Building] INFO  o.e.m.c.i.embedder.EclipseLogger - skip non existing resourceDirectory C:\Users\ssudh\Downloads\Desktop\Scrap\Scrap1\src\main\resources
2024-01-28 18:39:33,893 [Worker-35: Building] INFO  o.e.m.c.i.embedder.EclipseLogger - Using 'UTF-8' encoding to copy filtered resources.
2024-01-28 18:39:33,893 [Worker-35: Building] INFO  o.e.m.c.i.embedder.EclipseLogger - skip non existing resourceDirectory C:\Users\ssudh\Downloads\Desktop\Scrap\Scrap1\src\test\resources
2024-01-28 18:39:37,206 [Worker-33: Building] INFO  o.e.m.c.i.embedder.EclipseLogger - Using 'UTF-8' encoding to copy filtered resources.
2024-01-28 18:39:37,206 [Worker-33: Building] INFO  o.e.m.c.i.embedder.EclipseLogger - skip non existing resourceDirectory C:\Users\ssudh\Downloads\Desktop\Scrap\Scrap1\src\main\resources
2024-01-28 18:39:37,207 [Worker-33: Building] INFO  o.e.m.c.i.embedder.EclipseLogger - Using 'UTF-8' encoding to copy filtered resources.
2024-01-28 18:39:37,207 [Worker-33: Building] INFO  o.e.m.c.i.embedder.EclipseLogger - skip non existing resourceDirectory C:\Users\ssudh\Downloads\Desktop\Scrap\Scrap1\src\test\resources
2024-01-28 18:41:57,046 [Worker-37: Building] INFO  o.e.m.c.i.embedder.EclipseLogger - Using 'UTF-8' encoding to copy filtered resources.
2024-01-28 18:41:57,046 [Worker-37: Building] INFO  o.e.m.c.i.embedder.EclipseLogger - skip non existing resourceDirectory C:\Users\ssudh\Downloads\Desktop\Scrap\Scrap1\src\main\resources
2024-01-28 18:41:57,047 [Worker-37: Building] INFO  o.e.m.c.i.embedder.EclipseLogger - Using 'UTF-8' encoding to copy filtered resources.
2024-01-28 18:41:57,047 [Worker-37: Building] INFO  o.e.m.c.i.embedder.EclipseLogger - skip non existing resourceDirectory C:\Users\ssudh\Downloads\Desktop\Scrap\Scrap1\src\test\resources
2024-01-28 18:42:28,244 [Worker-39: Building] INFO  o.e.m.c.i.embedder.EclipseLogger - Using 'UTF-8' encoding to copy filtered resources.
2024-01-28 18:42:28,244 [Worker-39: Building] INFO  o.e.m.c.i.embedder.EclipseLogger - skip non existing resourceDirectory C:\Users\ssudh\Downloads\Desktop\Scrap\Scrap1\src\main\resources
2024-01-28 18:42:28,245 [Worker-39: Building] INFO  o.e.m.c.i.embedder.EclipseLogger - Using 'UTF-8' encoding to copy filtered resources.
2024-01-28 18:42:28,245 [Worker-39: Building] INFO  o.e.m.c.i.embedder.EclipseLogger - skip non existing resourceDirectory C:\Users\ssudh\Downloads\Desktop\Scrap\Scrap1\src\test\resources
2024-01-28 18:56:38,681 [Worker-47: Building] INFO  o.e.m.c.i.l.LifecycleMappingFactory - Using org.eclipse.m2e.jdt.JarLifecycleMapping lifecycle mapping for MavenProject: com.scrap:Scrap1:0.0.1-SNAPSHOT @ C:\Users\ssudh\Downloads\Desktop\Scrap\Scrap1\pom.xml.
2024-01-28 18:56:39,228 [Worker-47: Building] INFO  o.e.m.c.i.embedder.EclipseLogger - Using 'UTF-8' encoding to copy filtered resources.
2024-01-28 18:56:39,228 [Worker-47: Building] INFO  o.e.m.c.i.embedder.EclipseLogger - skip non existing resourceDirectory C:\Users\ssudh\Downloads\Desktop\Scrap\Scrap1\src\main\resources
2024-01-28 18:56:39,233 [Worker-47: Building] INFO  o.e.m.c.i.embedder.EclipseLogger - Using 'UTF-8' encoding to copy filtered resources.
2024-01-28 18:56:39,233 [Worker-47: Building] INFO  o.e.m.c.i.embedder.EclipseLogger - skip non existing resourceDirectory C:\Users\ssudh\Downloads\Desktop\Scrap\Scrap1\src\test\resources
2024-01-28 18:56:47,491 [Worker-46: Building] INFO  o.e.m.c.i.l.LifecycleMappingFactory - Using org.eclipse.m2e.jdt.JarLifecycleMapping lifecycle mapping for MavenProject: com.scrap:Scrap1:0.0.1-SNAPSHOT @ C:\Users\ssudh\Downloads\Desktop\Scrap\Scrap1\pom.xml.
2024-01-28 18:56:47,550 [Worker-46: Building] INFO  o.e.m.c.i.embedder.EclipseLogger - Using 'UTF-8' encoding to copy filtered resources.
2024-01-28 18:56:47,550 [Worker-46: Building] INFO  o.e.m.c.i.embedder.EclipseLogger - skip non existing resourceDirectory C:\Users\ssudh\Downloads\Desktop\Scrap\Scrap1\src\main\resources
2024-01-28 18:56:47,553 [Worker-46: Building] INFO  o.e.m.c.i.embedder.EclipseLogger - Using 'UTF-8' encoding to copy filtered resources.
2024-01-28 18:56:47,554 [Worker-46: Building] INFO  o.e.m.c.i.embedder.EclipseLogger - skip non existing resourceDirectory C:\Users\ssudh\Downloads\Desktop\Scrap\Scrap1\src\test\resources
2024-01-28 18:58:20,327 [Worker-48: Building] INFO  o.e.m.c.i.embedder.EclipseLogger - Using 'UTF-8' encoding to copy filtered resources.
2024-01-28 18:58:20,327 [Worker-48: Building] INFO  o.e.m.c.i.embedder.EclipseLogger - skip non existing resourceDirectory C:\Users\ssudh\Downloads\Desktop\Scrap\Scrap1\src\main\resources
2024-01-28 18:58:20,333 [Worker-48: Building] INFO  o.e.m.c.i.embedder.EclipseLogger - Using 'UTF-8' encoding to copy filtered resources.
2024-01-28 18:58:20,333 [Worker-48: Building] INFO  o.e.m.c.i.embedder.EclipseLogger - skip non existing resourceDirectory C:\Users\ssudh\Downloads\Desktop\Scrap\Scrap1\src\test\resources
2024-01-28 19:07:48,218 [Worker-50: Launching AmazonINScraper] INFO  o.e.m.c.i.embedder.EclipseLogger - Using 'UTF-8' encoding to copy filtered resources.
2024-01-28 19:07:48,221 [Worker-50: Launching AmazonINScraper] INFO  o.e.m.c.i.embedder.EclipseLogger - skip non existing resourceDirectory C:\Users\ssudh\Downloads\Desktop\Scrap\Scrap1\src\main\resources
2024-01-28 19:07:48,224 [Worker-50: Launching AmazonINScraper] INFO  o.e.m.c.i.embedder.EclipseLogger - Using 'UTF-8' encoding to copy filtered resources.
2024-01-28 19:07:48,224 [Worker-50: Launching AmazonINScraper] INFO  o.e.m.c.i.embedder.EclipseLogger - skip non existing resourceDirectory C:\Users\ssudh\Downloads\Desktop\Scrap\Scrap1\src\test\resources
2024-01-28 19:09:45,284 [Worker-49: Launching AmazonINScraper] INFO  o.e.m.c.i.embedder.EclipseLogger - Using 'UTF-8' encoding to copy filtered resources.
2024-01-28 19:09:45,284 [Worker-49: Launching AmazonINScraper] INFO  o.e.m.c.i.embedder.EclipseLogger - skip non existing resourceDirectory C:\Users\ssudh\Downloads\Desktop\Scrap\Scrap1\src\main\resources
2024-01-28 19:09:45,286 [Worker-49: Launching AmazonINScraper] INFO  o.e.m.c.i.embedder.EclipseLogger - Using 'UTF-8' encoding to copy filtered resources.
2024-01-28 19:09:45,286 [Worker-49: Launching AmazonINScraper] INFO  o.e.m.c.i.embedder.EclipseLogger - skip non existing resourceDirectory C:\Users\ssudh\Downloads\Desktop\Scrap\Scrap1\src\test\resources
